2023-11-23 14:22:10,582 CRIT Supervisor is running as root.  Privileges were not dropped because no user is specified in the config file.  If you intend to run as root, you can set user=root in the config file to avoid this message.
2023-11-23 14:22:10,590 INFO supervisord started with pid 1
2023-11-23 14:22:11,593 INFO spawned: 'dspaceAngular' with pid 8
2023-11-23 14:22:13,253 INFO success: dspaceAngular entered RUNNING state, process has stayed up for > than 1 seconds (startsecs)
2023-11-23 14:29:59,497 WARN received SIGTERM indicating exit request
2023-11-23 14:29:59,498 INFO waiting for dspaceAngular to die
2023-11-23 14:29:59,517 INFO stopped: dspaceAngular (terminated by SIGTERM)
2023-11-23 14:29:59,517 INFO reaped unknown pid 38
2023-11-23 14:29:59,517 INFO reaped unknown pid 9
2023-11-23 14:29:59,517 INFO reaped unknown pid 37
2023-11-23 14:30:00,642 CRIT Supervisor is running as root.  Privileges were not dropped because no user is specified in the config file.  If you intend to run as root, you can set user=root in the config file to avoid this message.
2023-11-23 14:30:00,645 INFO supervisord started with pid 1
2023-11-23 14:30:01,648 INFO spawned: 'dspaceAngular' with pid 9
2023-11-23 14:30:02,789 INFO success: dspaceAngular entered RUNNING state, process has stayed up for > than 1 seconds (startsecs)
2023-11-23 17:42:38,740 WARN received SIGTERM indicating exit request
2023-11-23 17:42:38,741 INFO waiting for dspaceAngular to die
2023-11-23 17:42:38,775 INFO stopped: dspaceAngular (terminated by SIGTERM)
2023-11-23 17:42:38,775 INFO reaped unknown pid 39
2023-11-23 17:42:38,775 INFO reaped unknown pid 10
2023-11-23 17:42:38,775 INFO reaped unknown pid 38
2023-11-23 17:42:40,006 CRIT Supervisor is running as root.  Privileges were not dropped because no user is specified in the config file.  If you intend to run as root, you can set user=root in the config file to avoid this message.
2023-11-23 17:42:40,009 INFO supervisord started with pid 1
2023-11-23 17:42:41,011 INFO spawned: 'dspaceAngular' with pid 8
2023-11-23 17:42:42,271 INFO success: dspaceAngular entered RUNNING state, process has stayed up for > than 1 seconds (startsecs)
2023-11-23 17:53:02,628 WARN received SIGTERM indicating exit request
2023-11-23 17:53:02,630 INFO waiting for dspaceAngular to die
2023-11-23 17:53:02,658 INFO stopped: dspaceAngular (terminated by SIGTERM)
2023-11-23 17:53:02,659 INFO reaped unknown pid 38
2023-11-23 17:53:02,659 INFO reaped unknown pid 9
2023-11-23 17:53:02,659 INFO reaped unknown pid 37
2023-11-23 17:53:04,438 CRIT Supervisor is running as root.  Privileges were not dropped because no user is specified in the config file.  If you intend to run as root, you can set user=root in the config file to avoid this message.
2023-11-23 17:53:04,443 INFO supervisord started with pid 1
2023-11-23 17:53:05,446 INFO spawned: 'dspaceAngular' with pid 8
2023-11-23 17:53:06,773 INFO success: dspaceAngular entered RUNNING state, process has stayed up for > than 1 seconds (startsecs)
2023-11-23 18:42:48,905 WARN received SIGTERM indicating exit request
2023-11-23 18:42:48,906 INFO waiting for dspaceAngular to die
2023-11-23 18:42:48,931 INFO stopped: dspaceAngular (terminated by SIGTERM)
2023-11-23 18:42:48,931 INFO reaped unknown pid 38
2023-11-23 18:42:48,931 INFO reaped unknown pid 9
2023-11-23 18:42:48,931 INFO reaped unknown pid 37
2023-11-23 18:42:50,612 CRIT Supervisor is running as root.  Privileges were not dropped because no user is specified in the config file.  If you intend to run as root, you can set user=root in the config file to avoid this message.
2023-11-23 18:42:50,617 INFO supervisord started with pid 1
2023-11-23 18:42:51,621 INFO spawned: 'dspaceAngular' with pid 8
2023-11-23 18:42:53,068 INFO success: dspaceAngular entered RUNNING state, process has stayed up for > than 1 seconds (startsecs)
2023-11-23 18:52:26,399 WARN received SIGTERM indicating exit request
2023-11-23 18:52:26,400 INFO waiting for dspaceAngular to die
2023-11-23 18:52:26,424 INFO stopped: dspaceAngular (terminated by SIGTERM)
2023-11-23 18:52:26,424 INFO reaped unknown pid 38
2023-11-23 18:52:26,424 INFO reaped unknown pid 9
2023-11-23 18:52:26,424 INFO reaped unknown pid 37
2023-11-23 18:52:28,087 CRIT Supervisor is running as root.  Privileges were not dropped because no user is specified in the config file.  If you intend to run as root, you can set user=root in the config file to avoid this message.
2023-11-23 18:52:28,093 INFO supervisord started with pid 1
2023-11-23 18:52:29,096 INFO spawned: 'dspaceAngular' with pid 8
2023-11-23 18:52:30,373 INFO success: dspaceAngular entered RUNNING state, process has stayed up for > than 1 seconds (startsecs)
2023-11-25 10:05:54,116 WARN received SIGTERM indicating exit request
2023-11-25 10:05:54,123 INFO waiting for dspaceAngular to die
2023-11-25 10:05:54,171 INFO stopped: dspaceAngular (terminated by SIGTERM)
2023-11-25 10:05:54,171 INFO reaped unknown pid 38
2023-11-25 10:05:54,171 INFO reaped unknown pid 9
2023-11-25 10:05:54,171 INFO reaped unknown pid 37
2023-11-25 10:05:55,837 CRIT Supervisor is running as root.  Privileges were not dropped because no user is specified in the config file.  If you intend to run as root, you can set user=root in the config file to avoid this message.
2023-11-25 10:05:55,845 INFO supervisord started with pid 1
2023-11-25 10:05:56,847 INFO spawned: 'dspaceAngular' with pid 8
2023-11-25 10:05:58,264 INFO success: dspaceAngular entered RUNNING state, process has stayed up for > than 1 seconds (startsecs)
2023-11-25 10:35:15,751 WARN received SIGTERM indicating exit request
2023-11-25 10:35:15,752 INFO waiting for dspaceAngular to die
2023-11-25 10:35:15,774 INFO stopped: dspaceAngular (terminated by SIGTERM)
2023-11-25 10:35:15,774 INFO reaped unknown pid 38
2023-11-25 10:35:15,774 INFO reaped unknown pid 9
2023-11-25 10:35:15,774 INFO reaped unknown pid 37
2023-11-25 10:35:17,320 CRIT Supervisor is running as root.  Privileges were not dropped because no user is specified in the config file.  If you intend to run as root, you can set user=root in the config file to avoid this message.
2023-11-25 10:35:17,326 INFO supervisord started with pid 1
2023-11-25 10:35:18,329 INFO spawned: 'dspaceAngular' with pid 8
2023-11-25 10:35:19,535 INFO success: dspaceAngular entered RUNNING state, process has stayed up for > than 1 seconds (startsecs)
2023-11-25 11:01:52,294 WARN received SIGTERM indicating exit request
2023-11-25 11:01:52,296 INFO waiting for dspaceAngular to die
2023-11-25 11:01:52,322 INFO stopped: dspaceAngular (terminated by SIGTERM)
2023-11-25 11:01:52,322 INFO reaped unknown pid 38
2023-11-25 11:01:52,322 INFO reaped unknown pid 9
2023-11-25 11:01:52,322 INFO reaped unknown pid 37
2023-11-25 11:01:53,922 CRIT Supervisor is running as root.  Privileges were not dropped because no user is specified in the config file.  If you intend to run as root, you can set user=root in the config file to avoid this message.
2023-11-25 11:01:53,930 INFO supervisord started with pid 1
2023-11-25 11:01:54,934 INFO spawned: 'dspaceAngular' with pid 8
2023-11-25 11:01:56,230 INFO success: dspaceAngular entered RUNNING state, process has stayed up for > than 1 seconds (startsecs)
2023-11-25 11:19:12,803 WARN received SIGTERM indicating exit request
2023-11-25 11:19:12,804 INFO waiting for dspaceAngular to die
2023-11-25 11:19:12,826 INFO stopped: dspaceAngular (terminated by SIGTERM)
2023-11-25 11:19:12,826 INFO reaped unknown pid 38
2023-11-25 11:19:12,826 INFO reaped unknown pid 9
2023-11-25 11:19:12,826 INFO reaped unknown pid 37
2023-11-25 11:19:14,403 CRIT Supervisor is running as root.  Privileges were not dropped because no user is specified in the config file.  If you intend to run as root, you can set user=root in the config file to avoid this message.
2023-11-25 11:19:14,410 INFO supervisord started with pid 1
2023-11-25 11:19:15,412 INFO spawned: 'dspaceAngular' with pid 8
2023-11-25 11:19:16,634 INFO success: dspaceAngular entered RUNNING state, process has stayed up for > than 1 seconds (startsecs)
2023-11-25 11:59:15,656 WARN received SIGTERM indicating exit request
2023-11-25 11:59:15,656 INFO waiting for dspaceAngular to die
2023-11-25 11:59:15,671 INFO stopped: dspaceAngular (terminated by SIGTERM)
2023-11-25 11:59:15,671 INFO reaped unknown pid 38
2023-11-25 11:59:15,671 INFO reaped unknown pid 9
2023-11-25 11:59:15,671 INFO reaped unknown pid 37
2023-11-25 11:59:16,543 CRIT Supervisor is running as root.  Privileges were not dropped because no user is specified in the config file.  If you intend to run as root, you can set user=root in the config file to avoid this message.
2023-11-25 11:59:16,545 INFO supervisord started with pid 1
2023-11-25 11:59:17,547 INFO spawned: 'dspaceAngular' with pid 8
2023-11-25 11:59:18,672 INFO success: dspaceAngular entered RUNNING state, process has stayed up for > than 1 seconds (startsecs)
2023-11-25 12:09:24,501 WARN received SIGTERM indicating exit request
2023-11-25 12:09:24,502 INFO waiting for dspaceAngular to die
2023-11-25 12:09:24,524 INFO stopped: dspaceAngular (terminated by SIGTERM)
2023-11-25 12:09:24,524 INFO reaped unknown pid 38
2023-11-25 12:09:24,524 INFO reaped unknown pid 9
2023-11-25 12:09:24,524 INFO reaped unknown pid 37
2023-11-25 12:09:26,038 CRIT Supervisor is running as root.  Privileges were not dropped because no user is specified in the config file.  If you intend to run as root, you can set user=root in the config file to avoid this message.
2023-11-25 12:09:26,044 INFO supervisord started with pid 1
2023-11-25 12:09:27,046 INFO spawned: 'dspaceAngular' with pid 8
2023-11-25 12:09:28,260 INFO success: dspaceAngular entered RUNNING state, process has stayed up for > than 1 seconds (startsecs)
2023-11-25 12:17:19,530 WARN received SIGTERM indicating exit request
2023-11-25 12:17:19,531 INFO waiting for dspaceAngular to die
2023-11-25 12:17:19,551 INFO stopped: dspaceAngular (terminated by SIGTERM)
2023-11-25 12:17:19,551 INFO reaped unknown pid 38
2023-11-25 12:17:19,551 INFO reaped unknown pid 9
2023-11-25 12:17:19,551 INFO reaped unknown pid 37
2023-11-25 12:17:21,160 CRIT Supervisor is running as root.  Privileges were not dropped because no user is specified in the config file.  If you intend to run as root, you can set user=root in the config file to avoid this message.
2023-11-25 12:17:21,166 INFO supervisord started with pid 1
2023-11-25 12:17:22,169 INFO spawned: 'dspaceAngular' with pid 8
2023-11-25 12:17:23,394 INFO success: dspaceAngular entered RUNNING state, process has stayed up for > than 1 seconds (startsecs)
2023-11-25 17:02:47,271 WARN received SIGTERM indicating exit request
2023-11-25 17:02:47,272 INFO waiting for dspaceAngular to die
2023-11-25 17:02:47,291 INFO stopped: dspaceAngular (terminated by SIGTERM)
2023-11-25 17:02:47,291 INFO reaped unknown pid 38
2023-11-25 17:02:47,291 INFO reaped unknown pid 9
2023-11-25 17:02:47,291 INFO reaped unknown pid 37
2023-11-25 17:02:48,974 CRIT Supervisor is running as root.  Privileges were not dropped because no user is specified in the config file.  If you intend to run as root, you can set user=root in the config file to avoid this message.
2023-11-25 17:02:48,979 INFO supervisord started with pid 1
2023-11-25 17:02:49,983 INFO spawned: 'dspaceAngular' with pid 8
2023-11-25 17:02:51,376 INFO success: dspaceAngular entered RUNNING state, process has stayed up for > than 1 seconds (startsecs)
2023-11-26 20:35:50,323 WARN received SIGTERM indicating exit request
2023-11-26 20:35:50,341 INFO waiting for dspaceAngular to die
2023-11-26 20:35:50,439 INFO stopped: dspaceAngular (terminated by SIGTERM)
2023-11-26 20:35:50,439 INFO reaped unknown pid 38
2023-11-26 20:35:50,439 INFO reaped unknown pid 9
2023-11-26 20:35:50,439 INFO reaped unknown pid 37
2023-11-26 20:35:52,242 CRIT Supervisor is running as root.  Privileges were not dropped because no user is specified in the config file.  If you intend to run as root, you can set user=root in the config file to avoid this message.
2023-11-26 20:35:52,254 INFO supervisord started with pid 1
2023-11-26 20:35:53,255 INFO spawned: 'dspaceAngular' with pid 7
2023-11-26 20:35:54,977 INFO success: dspaceAngular entered RUNNING state, process has stayed up for > than 1 seconds (startsecs)
2023-11-26 21:45:06,776 WARN received SIGTERM indicating exit request
2023-11-26 21:45:06,787 INFO waiting for dspaceAngular to die
2023-11-26 21:45:06,909 INFO stopped: dspaceAngular (terminated by SIGTERM)
2023-11-26 21:45:06,909 INFO reaped unknown pid 37
2023-11-26 21:45:06,909 INFO reaped unknown pid 8
2023-11-26 21:45:06,909 INFO reaped unknown pid 36
2023-11-26 21:45:08,333 CRIT Supervisor is running as root.  Privileges were not dropped because no user is specified in the config file.  If you intend to run as root, you can set user=root in the config file to avoid this message.
2023-11-26 21:45:08,338 INFO supervisord started with pid 1
2023-11-26 21:45:09,340 INFO spawned: 'dspaceAngular' with pid 8
2023-11-26 21:45:10,751 INFO success: dspaceAngular entered RUNNING state, process has stayed up for > than 1 seconds (startsecs)
2023-11-26 21:51:22,475 WARN received SIGTERM indicating exit request
2023-11-26 21:51:22,475 INFO waiting for dspaceAngular to die
2023-11-26 21:51:22,491 INFO stopped: dspaceAngular (terminated by SIGTERM)
2023-11-26 21:51:22,491 INFO reaped unknown pid 38
2023-11-26 21:51:22,491 INFO reaped unknown pid 9
2023-11-26 21:51:22,491 INFO reaped unknown pid 37
2023-11-26 21:51:23,883 CRIT Supervisor is running as root.  Privileges were not dropped because no user is specified in the config file.  If you intend to run as root, you can set user=root in the config file to avoid this message.
2023-11-26 21:51:23,887 INFO supervisord started with pid 1
2023-11-26 21:51:24,889 INFO spawned: 'dspaceAngular' with pid 9
2023-11-26 21:51:26,367 INFO success: dspaceAngular entered RUNNING state, process has stayed up for > than 1 seconds (startsecs)
2023-11-26 22:05:55,411 WARN received SIGTERM indicating exit request
2023-11-26 22:05:55,419 INFO waiting for dspaceAngular to die
2023-11-26 22:05:55,432 INFO stopped: dspaceAngular (terminated by SIGTERM)
2023-11-26 22:05:55,432 INFO reaped unknown pid 39
2023-11-26 22:05:55,433 INFO reaped unknown pid 10
2023-11-26 22:05:55,433 INFO reaped unknown pid 38
2023-11-26 22:05:57,220 CRIT Supervisor is running as root.  Privileges were not dropped because no user is specified in the config file.  If you intend to run as root, you can set user=root in the config file to avoid this message.
2023-11-26 22:05:57,224 INFO supervisord started with pid 1
2023-11-26 22:05:58,227 INFO spawned: 'dspaceAngular' with pid 8
2023-11-26 22:05:59,667 INFO success: dspaceAngular entered RUNNING state, process has stayed up for > than 1 seconds (startsecs)
2023-11-26 22:11:14,350 WARN received SIGTERM indicating exit request
2023-11-26 22:11:14,360 INFO waiting for dspaceAngular to die
2023-11-26 22:11:14,372 INFO stopped: dspaceAngular (terminated by SIGTERM)
2023-11-26 22:11:14,372 INFO reaped unknown pid 38
2023-11-26 22:11:14,373 INFO reaped unknown pid 9
2023-11-26 22:11:14,373 INFO reaped unknown pid 37
2023-11-26 22:11:15,843 CRIT Supervisor is running as root.  Privileges were not dropped because no user is specified in the config file.  If you intend to run as root, you can set user=root in the config file to avoid this message.
2023-11-26 22:11:15,846 INFO supervisord started with pid 1
2023-11-26 22:11:16,849 INFO spawned: 'dspaceAngular' with pid 8
2023-11-26 22:11:18,455 INFO success: dspaceAngular entered RUNNING state, process has stayed up for > than 1 seconds (startsecs)
2023-11-26 22:14:22,172 WARN received SIGTERM indicating exit request
2023-11-26 22:14:22,173 INFO waiting for dspaceAngular to die
2023-11-26 22:14:22,191 INFO stopped: dspaceAngular (terminated by SIGTERM)
2023-11-26 22:14:22,191 INFO reaped unknown pid 38
2023-11-26 22:14:22,191 INFO reaped unknown pid 9
2023-11-26 22:14:22,191 INFO reaped unknown pid 37
2023-11-26 22:14:23,421 CRIT Supervisor is running as root.  Privileges were not dropped because no user is specified in the config file.  If you intend to run as root, you can set user=root in the config file to avoid this message.
2023-11-26 22:14:23,425 INFO supervisord started with pid 1
2023-11-26 22:14:24,427 INFO spawned: 'dspaceAngular' with pid 9
2023-11-26 22:14:25,982 INFO success: dspaceAngular entered RUNNING state, process has stayed up for > than 1 seconds (startsecs)
2023-11-26 22:15:26,407 WARN received SIGTERM indicating exit request
2023-11-26 22:15:26,408 INFO waiting for dspaceAngular to die
2023-11-26 22:15:26,426 INFO stopped: dspaceAngular (terminated by SIGTERM)
2023-11-26 22:15:26,427 INFO reaped unknown pid 39
2023-11-26 22:15:26,427 INFO reaped unknown pid 10
2023-11-26 22:15:26,427 INFO reaped unknown pid 38
2023-11-26 22:15:27,615 CRIT Supervisor is running as root.  Privileges were not dropped because no user is specified in the config file.  If you intend to run as root, you can set user=root in the config file to avoid this message.
2023-11-26 22:15:27,618 INFO supervisord started with pid 1
2023-11-26 22:15:28,620 INFO spawned: 'dspaceAngular' with pid 8
2023-11-26 22:15:30,099 INFO success: dspaceAngular entered RUNNING state, process has stayed up for > than 1 seconds (startsecs)
2023-11-28 17:45:20,916 WARN received SIGTERM indicating exit request
2023-11-28 17:45:20,929 INFO waiting for dspaceAngular to die
2023-11-28 17:45:20,999 INFO stopped: dspaceAngular (terminated by SIGTERM)
2023-11-28 17:45:20,999 INFO reaped unknown pid 38
2023-11-28 17:45:20,999 INFO reaped unknown pid 9
2023-11-28 17:45:20,999 INFO reaped unknown pid 37
2023-11-28 17:45:22,625 CRIT Supervisor is running as root.  Privileges were not dropped because no user is specified in the config file.  If you intend to run as root, you can set user=root in the config file to avoid this message.
2023-11-28 17:45:22,637 INFO supervisord started with pid 1
2023-11-28 17:45:23,640 INFO spawned: 'dspaceAngular' with pid 9
2023-11-28 17:45:25,494 INFO success: dspaceAngular entered RUNNING state, process has stayed up for > than 1 seconds (startsecs)
2023-11-29 09:48:53,276 CRIT Supervisor is running as root.  Privileges were not dropped because no user is specified in the config file.  If you intend to run as root, you can set user=root in the config file to avoid this message.
2023-11-29 09:48:53,559 INFO supervisord started with pid 1
2023-11-29 09:48:54,574 INFO spawned: 'dspaceAngular' with pid 9
2023-11-29 09:48:55,828 INFO success: dspaceAngular entered RUNNING state, process has stayed up for > than 1 seconds (startsecs)
2023-12-02 11:28:17,700 WARN received SIGTERM indicating exit request
2023-12-02 11:28:17,711 INFO waiting for dspaceAngular to die
2023-12-02 11:28:17,820 INFO stopped: dspaceAngular (terminated by SIGTERM)
2023-12-02 11:28:17,820 INFO reaped unknown pid 39
2023-12-02 11:28:17,820 INFO reaped unknown pid 10
2023-12-02 11:28:17,820 INFO reaped unknown pid 38
2023-12-02 11:44:33,079 CRIT Supervisor is running as root.  Privileges were not dropped because no user is specified in the config file.  If you intend to run as root, you can set user=root in the config file to avoid this message.
2023-12-02 11:44:33,191 INFO supervisord started with pid 1
2023-12-02 11:44:34,215 INFO spawned: 'dspaceAngular' with pid 9
2023-12-02 11:44:35,541 INFO success: dspaceAngular entered RUNNING state, process has stayed up for > than 1 seconds (startsecs)
2023-12-02 13:50:41,910 CRIT Supervisor is running as root.  Privileges were not dropped because no user is specified in the config file.  If you intend to run as root, you can set user=root in the config file to avoid this message.
2023-12-02 13:50:41,966 INFO supervisord started with pid 1
2023-12-02 13:50:42,984 INFO spawned: 'dspaceAngular' with pid 8
2023-12-02 13:50:44,175 INFO success: dspaceAngular entered RUNNING state, process has stayed up for > than 1 seconds (startsecs)
2023-12-02 13:59:34,165 WARN received SIGTERM indicating exit request
2023-12-02 13:59:34,166 INFO waiting for dspaceAngular to die
2023-12-02 13:59:34,196 INFO stopped: dspaceAngular (terminated by SIGTERM)
2023-12-02 13:59:34,197 INFO reaped unknown pid 38
2023-12-02 13:59:34,197 INFO reaped unknown pid 9
2023-12-02 13:59:34,197 INFO reaped unknown pid 37
2023-12-02 14:01:33,697 CRIT Supervisor is running as root.  Privileges were not dropped because no user is specified in the config file.  If you intend to run as root, you can set user=root in the config file to avoid this message.
2023-12-02 14:01:33,702 INFO supervisord started with pid 1
2023-12-02 14:01:34,704 INFO spawned: 'dspaceAngular' with pid 9
2023-12-02 14:01:36,096 INFO success: dspaceAngular entered RUNNING state, process has stayed up for > than 1 seconds (startsecs)
2023-12-02 14:17:26,905 WARN received SIGTERM indicating exit request
2023-12-02 14:17:26,906 INFO waiting for dspaceAngular to die
2023-12-02 14:17:26,919 INFO stopped: dspaceAngular (terminated by SIGTERM)
2023-12-02 14:17:26,919 INFO reaped unknown pid 39
2023-12-02 14:17:26,919 INFO reaped unknown pid 10
2023-12-02 14:17:26,919 INFO reaped unknown pid 38
2023-12-02 14:17:28,180 CRIT Supervisor is running as root.  Privileges were not dropped because no user is specified in the config file.  If you intend to run as root, you can set user=root in the config file to avoid this message.
2023-12-02 14:17:28,183 INFO supervisord started with pid 1
2023-12-02 14:17:29,185 INFO spawned: 'dspaceAngular' with pid 8
2023-12-02 14:17:30,548 INFO success: dspaceAngular entered RUNNING state, process has stayed up for > than 1 seconds (startsecs)
2023-12-05 14:50:42,668 WARN received SIGTERM indicating exit request
2023-12-05 14:50:42,681 INFO waiting for dspaceAngular to die
2023-12-05 14:50:42,749 INFO stopped: dspaceAngular (terminated by SIGTERM)
2023-12-05 14:50:42,749 INFO reaped unknown pid 38
2023-12-05 14:50:42,749 INFO reaped unknown pid 9
2023-12-05 14:50:42,749 INFO reaped unknown pid 37
2023-12-05 14:50:44,668 CRIT Supervisor is running as root.  Privileges were not dropped because no user is specified in the config file.  If you intend to run as root, you can set user=root in the config file to avoid this message.
2023-12-05 14:50:44,679 INFO supervisord started with pid 1
2023-12-05 14:50:45,682 INFO spawned: 'dspaceAngular' with pid 8
2023-12-05 14:50:47,222 INFO success: dspaceAngular entered RUNNING state, process has stayed up for > than 1 seconds (startsecs)
2023-12-05 18:24:02,646 CRIT Supervisor is running as root.  Privileges were not dropped because no user is specified in the config file.  If you intend to run as root, you can set user=root in the config file to avoid this message.
2023-12-05 18:24:02,648 INFO supervisord started with pid 1
2023-12-05 18:24:03,650 INFO spawned: 'dspaceAngular' with pid 8
2023-12-05 18:24:03,666 INFO exited: dspaceAngular (exit status 0; not expected)
2023-12-05 18:24:04,669 INFO spawned: 'dspaceAngular' with pid 14
2023-12-05 18:24:05,677 INFO success: dspaceAngular entered RUNNING state, process has stayed up for > than 1 seconds (startsecs)
2023-12-05 18:24:05,677 INFO exited: dspaceAngular (exit status 0; expected)
2023-12-05 18:42:21,886 WARN received SIGTERM indicating exit request
2023-12-05 18:42:23,540 CRIT Supervisor is running as root.  Privileges were not dropped because no user is specified in the config file.  If you intend to run as root, you can set user=root in the config file to avoid this message.
2023-12-05 18:42:23,544 INFO supervisord started with pid 1
2023-12-05 18:42:24,547 INFO spawned: 'dspaceAngular' with pid 8
2023-12-05 18:42:26,448 INFO success: dspaceAngular entered RUNNING state, process has stayed up for > than 1 seconds (startsecs)
2023-12-05 19:06:52,094 WARN received SIGTERM indicating exit request
2023-12-05 19:06:52,096 INFO waiting for dspaceAngular to die
2023-12-05 19:06:52,118 INFO stopped: dspaceAngular (terminated by SIGTERM)
2023-12-05 19:06:52,118 INFO reaped unknown pid 38
2023-12-05 19:06:52,118 INFO reaped unknown pid 9
2023-12-05 19:06:52,118 INFO reaped unknown pid 37
2023-12-05 19:06:53,616 CRIT Supervisor is running as root.  Privileges were not dropped because no user is specified in the config file.  If you intend to run as root, you can set user=root in the config file to avoid this message.
2023-12-05 19:06:53,619 INFO supervisord started with pid 1
2023-12-05 19:06:54,622 INFO spawned: 'dspaceAngular' with pid 8
2023-12-05 19:06:55,907 INFO success: dspaceAngular entered RUNNING state, process has stayed up for > than 1 seconds (startsecs)
2023-12-07 09:57:36,219 WARN received SIGTERM indicating exit request
2023-12-07 09:57:36,234 INFO waiting for dspaceAngular to die
2023-12-07 09:57:36,357 INFO stopped: dspaceAngular (terminated by SIGTERM)
2023-12-07 09:57:36,358 INFO reaped unknown pid 38
2023-12-07 09:57:36,358 INFO reaped unknown pid 9
2023-12-07 09:57:36,358 INFO reaped unknown pid 37
2023-12-07 10:03:51,992 CRIT Supervisor is running as root.  Privileges were not dropped because no user is specified in the config file.  If you intend to run as root, you can set user=root in the config file to avoid this message.
2023-12-07 10:03:52,060 INFO supervisord started with pid 1
2023-12-07 10:03:53,062 INFO spawned: 'dspaceAngular' with pid 7
2023-12-07 10:03:54,177 INFO success: dspaceAngular entered RUNNING state, process has stayed up for > than 1 seconds (startsecs)
2023-12-07 13:43:34,231 WARN received SIGTERM indicating exit request
2023-12-07 13:43:34,234 INFO waiting for dspaceAngular to die
2023-12-07 13:43:34,258 INFO stopped: dspaceAngular (terminated by SIGTERM)
2023-12-07 13:43:34,258 INFO reaped unknown pid 37
2023-12-07 13:43:34,258 INFO reaped unknown pid 8
2023-12-07 13:43:34,258 INFO reaped unknown pid 36
2023-12-07 13:44:12,409 CRIT Supervisor is running as root.  Privileges were not dropped because no user is specified in the config file.  If you intend to run as root, you can set user=root in the config file to avoid this message.
2023-12-07 13:44:12,454 INFO supervisord started with pid 1
2023-12-07 13:44:13,456 INFO spawned: 'dspaceAngular' with pid 8
2023-12-07 13:44:14,569 INFO success: dspaceAngular entered RUNNING state, process has stayed up for > than 1 seconds (startsecs)
2023-12-09 17:43:05,762 CRIT Supervisor is running as root.  Privileges were not dropped because no user is specified in the config file.  If you intend to run as root, you can set user=root in the config file to avoid this message.
2023-12-09 17:43:05,764 INFO supervisord started with pid 1
2023-12-09 17:43:06,767 INFO spawned: 'dspaceAngular' with pid 8
2023-12-09 17:43:08,032 INFO success: dspaceAngular entered RUNNING state, process has stayed up for > than 1 seconds (startsecs)
2023-12-09 17:49:16,301 WARN received SIGTERM indicating exit request
2023-12-09 17:49:16,302 INFO waiting for dspaceAngular to die
2023-12-09 17:49:16,330 INFO stopped: dspaceAngular (terminated by SIGTERM)
2023-12-09 17:49:16,330 INFO reaped unknown pid 45
2023-12-09 17:49:16,330 INFO reaped unknown pid 9
2023-12-09 17:49:16,330 INFO reaped unknown pid 44
2023-12-09 17:49:17,428 CRIT Supervisor is running as root.  Privileges were not dropped because no user is specified in the config file.  If you intend to run as root, you can set user=root in the config file to avoid this message.
2023-12-09 17:49:17,432 INFO supervisord started with pid 1
2023-12-09 17:49:18,435 INFO spawned: 'dspaceAngular' with pid 8
2023-12-09 17:49:19,711 INFO success: dspaceAngular entered RUNNING state, process has stayed up for > than 1 seconds (startsecs)
2023-12-09 19:01:12,890 WARN received SIGTERM indicating exit request
2023-12-09 19:01:12,891 INFO waiting for dspaceAngular to die
2023-12-09 19:01:12,912 INFO stopped: dspaceAngular (terminated by SIGTERM)
2023-12-09 19:01:12,912 INFO reaped unknown pid 45
2023-12-09 19:01:12,912 INFO reaped unknown pid 9
2023-12-09 19:01:12,912 INFO reaped unknown pid 44
2023-12-09 19:01:13,529 CRIT Supervisor is running as root.  Privileges were not dropped because no user is specified in the config file.  If you intend to run as root, you can set user=root in the config file to avoid this message.
2023-12-09 19:01:13,531 INFO supervisord started with pid 1
2023-12-09 19:01:14,534 INFO spawned: 'dspaceAngular' with pid 8
2023-12-09 19:01:15,689 INFO success: dspaceAngular entered RUNNING state, process has stayed up for > than 1 seconds (startsecs)
2023-12-10 09:34:34,363 WARN received SIGTERM indicating exit request
2023-12-10 09:34:34,364 INFO waiting for dspaceAngular to die
2023-12-10 09:34:34,397 INFO stopped: dspaceAngular (terminated by SIGTERM)
2023-12-10 09:34:34,397 INFO reaped unknown pid 45
2023-12-10 09:34:34,397 INFO reaped unknown pid 9
2023-12-10 09:34:34,397 INFO reaped unknown pid 44
2023-12-10 09:34:35,458 CRIT Supervisor is running as root.  Privileges were not dropped because no user is specified in the config file.  If you intend to run as root, you can set user=root in the config file to avoid this message.
2023-12-10 09:34:35,463 INFO supervisord started with pid 1
2023-12-10 09:34:36,465 INFO spawned: 'dspaceAngular' with pid 8
2023-12-10 09:34:37,714 INFO success: dspaceAngular entered RUNNING state, process has stayed up for > than 1 seconds (startsecs)
2023-12-10 09:45:50,587 WARN received SIGTERM indicating exit request
2023-12-10 09:45:50,588 INFO waiting for dspaceAngular to die
2023-12-10 09:45:50,605 INFO stopped: dspaceAngular (terminated by SIGTERM)
2023-12-10 09:45:50,605 INFO reaped unknown pid 45
2023-12-10 09:45:50,605 INFO reaped unknown pid 9
2023-12-10 09:45:50,605 INFO reaped unknown pid 44
2023-12-10 09:45:51,219 CRIT Supervisor is running as root.  Privileges were not dropped because no user is specified in the config file.  If you intend to run as root, you can set user=root in the config file to avoid this message.
2023-12-10 09:45:51,221 INFO supervisord started with pid 1
2023-12-10 09:45:52,223 INFO spawned: 'dspaceAngular' with pid 8
2023-12-10 09:45:53,362 INFO success: dspaceAngular entered RUNNING state, process has stayed up for > than 1 seconds (startsecs)
2023-12-10 09:55:26,303 WARN received SIGTERM indicating exit request
2023-12-10 09:55:26,303 INFO waiting for dspaceAngular to die
2023-12-10 09:55:26,317 INFO stopped: dspaceAngular (terminated by SIGTERM)
2023-12-10 09:55:26,317 INFO reaped unknown pid 45
2023-12-10 09:55:26,910 CRIT Supervisor is running as root.  Privileges were not dropped because no user is specified in the config file.  If you intend to run as root, you can set user=root in the config file to avoid this message.
2023-12-10 09:55:26,912 INFO supervisord started with pid 1
2023-12-10 09:55:27,914 INFO spawned: 'dspaceAngular' with pid 8
2023-12-10 09:55:29,054 INFO success: dspaceAngular entered RUNNING state, process has stayed up for > than 1 seconds (startsecs)
2023-12-14 13:24:56,942 WARN received SIGTERM indicating exit request
2023-12-14 13:24:56,943 INFO waiting for dspaceAngular to die
2023-12-14 13:24:56,978 INFO stopped: dspaceAngular (terminated by SIGTERM)
2023-12-14 13:24:56,978 INFO reaped unknown pid 45
2023-12-14 13:24:56,978 INFO reaped unknown pid 9
2023-12-14 13:24:56,978 INFO reaped unknown pid 44
2023-12-14 13:24:57,818 CRIT Supervisor is running as root.  Privileges were not dropped because no user is specified in the config file.  If you intend to run as root, you can set user=root in the config file to avoid this message.
2023-12-14 13:24:57,820 INFO supervisord started with pid 1
2023-12-14 13:24:58,823 INFO spawned: 'dspaceAngular' with pid 8
2023-12-14 13:24:59,989 INFO success: dspaceAngular entered RUNNING state, process has stayed up for > than 1 seconds (startsecs)
2023-12-27 11:40:02,621 WARN received SIGTERM indicating exit request
2023-12-27 11:40:02,623 INFO waiting for dspaceAngular to die
2023-12-27 11:40:02,652 INFO stopped: dspaceAngular (terminated by SIGTERM)
2023-12-27 11:40:02,652 INFO reaped unknown pid 45
2023-12-27 11:40:02,652 INFO reaped unknown pid 9
2023-12-27 11:40:02,652 INFO reaped unknown pid 44
2023-12-27 11:40:03,508 CRIT Supervisor is running as root.  Privileges were not dropped because no user is specified in the config file.  If you intend to run as root, you can set user=root in the config file to avoid this message.
2023-12-27 11:40:03,512 INFO supervisord started with pid 1
2023-12-27 11:40:04,515 INFO spawned: 'dspaceAngular' with pid 8
2023-12-27 11:40:05,763 INFO success: dspaceAngular entered RUNNING state, process has stayed up for > than 1 seconds (startsecs)
2023-12-27 11:47:48,194 WARN received SIGTERM indicating exit request
2023-12-27 11:47:48,194 INFO waiting for dspaceAngular to die
2023-12-27 11:47:48,215 INFO stopped: dspaceAngular (terminated by SIGTERM)
2023-12-27 11:47:48,215 INFO reaped unknown pid 45
2023-12-27 11:47:48,215 INFO reaped unknown pid 9
2023-12-27 11:47:48,215 INFO reaped unknown pid 44
2023-12-27 11:47:48,854 CRIT Supervisor is running as root.  Privileges were not dropped because no user is specified in the config file.  If you intend to run as root, you can set user=root in the config file to avoid this message.
2023-12-27 11:47:48,856 INFO supervisord started with pid 1
2023-12-27 11:47:49,858 INFO spawned: 'dspaceAngular' with pid 8
2023-12-27 11:47:51,005 INFO success: dspaceAngular entered RUNNING state, process has stayed up for > than 1 seconds (startsecs)
2023-12-27 14:27:30,290 WARN received SIGTERM indicating exit request
2023-12-27 14:27:30,291 INFO waiting for dspaceAngular to die
2023-12-27 14:27:30,318 INFO stopped: dspaceAngular (terminated by SIGTERM)
2023-12-27 14:27:30,318 INFO reaped unknown pid 45
2023-12-27 14:27:30,318 INFO reaped unknown pid 9
2023-12-27 14:27:30,318 INFO reaped unknown pid 44
2023-12-27 14:27:30,946 CRIT Supervisor is running as root.  Privileges were not dropped because no user is specified in the config file.  If you intend to run as root, you can set user=root in the config file to avoid this message.
2023-12-27 14:27:30,948 INFO supervisord started with pid 1
2023-12-27 14:27:31,951 INFO spawned: 'dspaceAngular' with pid 9
2023-12-27 14:27:33,122 INFO success: dspaceAngular entered RUNNING state, process has stayed up for > than 1 seconds (startsecs)
2023-12-27 14:33:23,179 WARN received SIGTERM indicating exit request
2023-12-27 14:33:23,180 INFO waiting for dspaceAngular to die
2023-12-27 14:33:23,197 INFO stopped: dspaceAngular (terminated by SIGTERM)
2023-12-27 14:33:23,864 CRIT Supervisor is running as root.  Privileges were not dropped because no user is specified in the config file.  If you intend to run as root, you can set user=root in the config file to avoid this message.
2023-12-27 14:33:23,866 INFO supervisord started with pid 1
2023-12-27 14:33:24,869 INFO spawned: 'dspaceAngular' with pid 8
2023-12-27 14:33:26,014 INFO success: dspaceAngular entered RUNNING state, process has stayed up for > than 1 seconds (startsecs)
2023-12-27 15:12:10,313 WARN received SIGTERM indicating exit request
2023-12-27 15:12:10,313 INFO waiting for dspaceAngular to die
2023-12-27 15:12:10,332 INFO stopped: dspaceAngular (terminated by SIGTERM)
2023-12-27 15:12:10,332 INFO reaped unknown pid 45
2023-12-27 15:12:10,332 INFO reaped unknown pid 9
2023-12-27 15:12:10,332 INFO reaped unknown pid 44
2023-12-27 15:12:10,968 CRIT Supervisor is running as root.  Privileges were not dropped because no user is specified in the config file.  If you intend to run as root, you can set user=root in the config file to avoid this message.
2023-12-27 15:12:10,970 INFO supervisord started with pid 1
2023-12-27 15:12:11,973 INFO spawned: 'dspaceAngular' with pid 8
2023-12-27 15:12:13,126 INFO success: dspaceAngular entered RUNNING state, process has stayed up for > than 1 seconds (startsecs)
2023-12-27 15:18:01,096 WARN received SIGTERM indicating exit request
2023-12-27 15:18:01,097 INFO waiting for dspaceAngular to die
2023-12-27 15:18:01,120 INFO stopped: dspaceAngular (terminated by SIGTERM)
2023-12-27 15:18:01,120 INFO reaped unknown pid 45
2023-12-27 15:18:01,120 INFO reaped unknown pid 9
2023-12-27 15:18:01,120 INFO reaped unknown pid 44
2023-12-27 15:18:01,797 CRIT Supervisor is running as root.  Privileges were not dropped because no user is specified in the config file.  If you intend to run as root, you can set user=root in the config file to avoid this message.
2023-12-27 15:18:01,799 INFO supervisord started with pid 1
2023-12-27 15:18:02,802 INFO spawned: 'dspaceAngular' with pid 8
2023-12-27 15:18:03,977 INFO success: dspaceAngular entered RUNNING state, process has stayed up for > than 1 seconds (startsecs)
2023-12-28 12:44:47,700 WARN received SIGTERM indicating exit request
2023-12-28 12:44:47,701 INFO waiting for dspaceAngular to die
2023-12-28 12:44:47,723 INFO stopped: dspaceAngular (terminated by SIGTERM)
2023-12-28 12:44:47,723 INFO reaped unknown pid 45
2023-12-28 12:44:47,723 INFO reaped unknown pid 9
2023-12-28 12:44:47,723 INFO reaped unknown pid 44
2023-12-28 12:44:48,515 CRIT Supervisor is running as root.  Privileges were not dropped because no user is specified in the config file.  If you intend to run as root, you can set user=root in the config file to avoid this message.
2023-12-28 12:44:48,517 INFO supervisord started with pid 1
2023-12-28 12:44:49,520 INFO spawned: 'dspaceAngular' with pid 8
2023-12-28 12:44:50,691 INFO success: dspaceAngular entered RUNNING state, process has stayed up for > than 1 seconds (startsecs)
2023-12-28 12:56:44,443 WARN received SIGTERM indicating exit request
2023-12-28 12:56:44,444 INFO waiting for dspaceAngular to die
2023-12-28 12:56:44,471 INFO stopped: dspaceAngular (terminated by SIGTERM)
2023-12-28 12:56:44,471 INFO reaped unknown pid 45
2023-12-28 12:56:44,471 INFO reaped unknown pid 9
2023-12-28 12:56:44,472 INFO reaped unknown pid 44
2023-12-28 12:56:45,164 CRIT Supervisor is running as root.  Privileges were not dropped because no user is specified in the config file.  If you intend to run as root, you can set user=root in the config file to avoid this message.
2023-12-28 12:56:45,166 INFO supervisord started with pid 1
2023-12-28 12:56:46,168 INFO spawned: 'dspaceAngular' with pid 8
2023-12-28 12:56:47,304 INFO success: dspaceAngular entered RUNNING state, process has stayed up for > than 1 seconds (startsecs)
2023-12-28 13:02:20,680 WARN received SIGTERM indicating exit request
2023-12-28 13:02:20,681 INFO waiting for dspaceAngular to die
2023-12-28 13:02:20,700 INFO stopped: dspaceAngular (terminated by SIGTERM)
2023-12-28 13:02:20,701 INFO reaped unknown pid 45
2023-12-28 13:02:20,701 INFO reaped unknown pid 9
2023-12-28 13:02:20,701 INFO reaped unknown pid 44
2023-12-28 13:02:21,326 CRIT Supervisor is running as root.  Privileges were not dropped because no user is specified in the config file.  If you intend to run as root, you can set user=root in the config file to avoid this message.
2023-12-28 13:02:21,328 INFO supervisord started with pid 1
2023-12-28 13:02:22,330 INFO spawned: 'dspaceAngular' with pid 8
2023-12-28 13:02:23,429 INFO success: dspaceAngular entered RUNNING state, process has stayed up for > than 1 seconds (startsecs)
2023-12-28 13:07:45,741 WARN received SIGTERM indicating exit request
2023-12-28 13:07:45,741 INFO waiting for dspaceAngular to die
2023-12-28 13:07:45,757 INFO stopped: dspaceAngular (terminated by SIGTERM)
2023-12-28 13:07:45,757 INFO reaped unknown pid 45
2023-12-28 13:07:45,757 INFO reaped unknown pid 9
2023-12-28 13:07:45,757 INFO reaped unknown pid 44
2023-12-28 13:07:46,354 CRIT Supervisor is running as root.  Privileges were not dropped because no user is specified in the config file.  If you intend to run as root, you can set user=root in the config file to avoid this message.
2023-12-28 13:07:46,356 INFO supervisord started with pid 1
2023-12-28 13:07:47,358 INFO spawned: 'dspaceAngular' with pid 8
2023-12-28 13:07:48,457 INFO success: dspaceAngular entered RUNNING state, process has stayed up for > than 1 seconds (startsecs)
2023-12-30 18:46:35,534 WARN received SIGTERM indicating exit request
2023-12-30 18:46:35,537 INFO waiting for dspaceAngular to die
2023-12-30 18:46:35,567 INFO stopped: dspaceAngular (terminated by SIGTERM)
2023-12-30 18:46:35,567 INFO reaped unknown pid 45
2023-12-30 18:46:35,567 INFO reaped unknown pid 9
2023-12-30 18:46:35,567 INFO reaped unknown pid 44
2023-12-30 18:46:36,288 CRIT Supervisor is running as root.  Privileges were not dropped because no user is specified in the config file.  If you intend to run as root, you can set user=root in the config file to avoid this message.
2023-12-30 18:46:36,291 INFO supervisord started with pid 1
2023-12-30 18:46:37,293 INFO spawned: 'dspaceAngular' with pid 8
2023-12-30 18:46:38,561 INFO success: dspaceAngular entered RUNNING state, process has stayed up for > than 1 seconds (startsecs)
2023-12-30 18:51:34,956 WARN received SIGTERM indicating exit request
2023-12-30 18:51:34,956 INFO waiting for dspaceAngular to die
2023-12-30 18:51:34,970 INFO stopped: dspaceAngular (terminated by SIGTERM)
2023-12-30 18:51:34,970 INFO reaped unknown pid 45
2023-12-30 18:51:34,970 INFO reaped unknown pid 9
2023-12-30 18:51:34,970 INFO reaped unknown pid 44
2023-12-30 18:51:35,641 CRIT Supervisor is running as root.  Privileges were not dropped because no user is specified in the config file.  If you intend to run as root, you can set user=root in the config file to avoid this message.
2023-12-30 18:51:35,644 INFO supervisord started with pid 1
2023-12-30 18:51:36,646 INFO spawned: 'dspaceAngular' with pid 8
2023-12-30 18:51:37,912 INFO success: dspaceAngular entered RUNNING state, process has stayed up for > than 1 seconds (startsecs)
2023-12-30 19:22:41,836 WARN received SIGTERM indicating exit request
2023-12-30 19:22:41,836 INFO waiting for dspaceAngular to die
2023-12-30 19:22:41,866 INFO stopped: dspaceAngular (terminated by SIGTERM)
2023-12-30 19:22:41,866 INFO reaped unknown pid 45
2023-12-30 19:22:41,866 INFO reaped unknown pid 9
2023-12-30 19:22:41,866 INFO reaped unknown pid 44
2023-12-30 19:22:42,800 CRIT Supervisor is running as root.  Privileges were not dropped because no user is specified in the config file.  If you intend to run as root, you can set user=root in the config file to avoid this message.
2023-12-30 19:22:42,805 INFO supervisord started with pid 1
2023-12-30 19:22:43,807 INFO spawned: 'dspaceAngular' with pid 8
2023-12-30 19:22:45,095 INFO success: dspaceAngular entered RUNNING state, process has stayed up for > than 1 seconds (startsecs)
2023-12-30 19:30:25,186 WARN received SIGTERM indicating exit request
2023-12-30 19:30:25,186 INFO waiting for dspaceAngular to die
2023-12-30 19:30:25,206 INFO stopped: dspaceAngular (terminated by SIGTERM)
2023-12-30 19:30:25,206 INFO reaped unknown pid 45
2023-12-30 19:30:25,206 INFO reaped unknown pid 9
2023-12-30 19:30:25,206 INFO reaped unknown pid 44
2023-12-30 19:30:25,842 CRIT Supervisor is running as root.  Privileges were not dropped because no user is specified in the config file.  If you intend to run as root, you can set user=root in the config file to avoid this message.
2023-12-30 19:30:25,845 INFO supervisord started with pid 1
2023-12-30 19:30:26,847 INFO spawned: 'dspaceAngular' with pid 8
2023-12-30 19:30:28,040 INFO success: dspaceAngular entered RUNNING state, process has stayed up for > than 1 seconds (startsecs)
2023-12-31 10:22:17,685 WARN received SIGTERM indicating exit request
2023-12-31 10:22:17,686 INFO waiting for dspaceAngular to die
2023-12-31 10:22:17,704 INFO stopped: dspaceAngular (terminated by SIGTERM)
2023-12-31 10:22:17,704 INFO reaped unknown pid 45
2023-12-31 10:22:17,704 INFO reaped unknown pid 9
2023-12-31 10:22:17,705 INFO reaped unknown pid 44
2023-12-31 10:22:18,316 CRIT Supervisor is running as root.  Privileges were not dropped because no user is specified in the config file.  If you intend to run as root, you can set user=root in the config file to avoid this message.
2023-12-31 10:22:18,318 INFO supervisord started with pid 1
2023-12-31 10:22:19,321 INFO spawned: 'dspaceAngular' with pid 8
2023-12-31 10:22:20,466 INFO success: dspaceAngular entered RUNNING state, process has stayed up for > than 1 seconds (startsecs)
2023-12-31 10:29:30,102 WARN received SIGTERM indicating exit request
2023-12-31 10:29:30,102 INFO waiting for dspaceAngular to die
2023-12-31 10:29:30,119 INFO stopped: dspaceAngular (terminated by SIGTERM)
2023-12-31 10:29:30,120 INFO reaped unknown pid 45
2023-12-31 10:29:30,120 INFO reaped unknown pid 9
2023-12-31 10:29:30,120 INFO reaped unknown pid 44
2023-12-31 10:29:30,717 CRIT Supervisor is running as root.  Privileges were not dropped because no user is specified in the config file.  If you intend to run as root, you can set user=root in the config file to avoid this message.
2023-12-31 10:29:30,720 INFO supervisord started with pid 1
2023-12-31 10:29:31,723 INFO spawned: 'dspaceAngular' with pid 8
2023-12-31 10:29:32,861 INFO success: dspaceAngular entered RUNNING state, process has stayed up for > than 1 seconds (startsecs)
2024-01-01 15:58:30,164 WARN received SIGTERM indicating exit request
2024-01-01 15:58:30,168 INFO waiting for dspaceAngular to die
2024-01-01 15:58:30,197 INFO stopped: dspaceAngular (terminated by SIGTERM)
2024-01-01 15:58:30,197 INFO reaped unknown pid 45
2024-01-01 15:58:30,197 INFO reaped unknown pid 9
2024-01-01 15:58:30,197 INFO reaped unknown pid 44
2024-01-01 15:58:31,238 CRIT Supervisor is running as root.  Privileges were not dropped because no user is specified in the config file.  If you intend to run as root, you can set user=root in the config file to avoid this message.
2024-01-01 15:58:31,244 INFO supervisord started with pid 1
2024-01-01 15:58:32,246 INFO spawned: 'dspaceAngular' with pid 8
2024-01-01 15:58:33,509 INFO success: dspaceAngular entered RUNNING state, process has stayed up for > than 1 seconds (startsecs)
2024-01-01 16:07:05,572 WARN received SIGTERM indicating exit request
2024-01-01 16:07:05,587 INFO waiting for dspaceAngular to die
2024-01-01 16:07:05,641 INFO stopped: dspaceAngular (terminated by SIGTERM)
2024-01-01 16:07:05,641 INFO reaped unknown pid 45
2024-01-01 16:07:05,641 INFO reaped unknown pid 9
2024-01-01 16:07:05,641 INFO reaped unknown pid 44
2024-01-01 16:07:06,449 CRIT Supervisor is running as root.  Privileges were not dropped because no user is specified in the config file.  If you intend to run as root, you can set user=root in the config file to avoid this message.
2024-01-01 16:07:06,454 INFO supervisord started with pid 1
2024-01-01 16:07:07,456 INFO spawned: 'dspaceAngular' with pid 8
2024-01-01 16:07:08,638 INFO success: dspaceAngular entered RUNNING state, process has stayed up for > than 1 seconds (startsecs)
2024-01-03 11:30:09,331 WARN received SIGTERM indicating exit request
2024-01-03 11:30:09,331 INFO waiting for dspaceAngular to die
2024-01-03 11:30:09,372 INFO stopped: dspaceAngular (terminated by SIGTERM)
2024-01-03 11:30:09,372 INFO reaped unknown pid 45
2024-01-03 11:30:09,372 INFO reaped unknown pid 9
2024-01-03 11:30:09,372 INFO reaped unknown pid 44
2024-01-03 11:30:10,027 CRIT Supervisor is running as root.  Privileges were not dropped because no user is specified in the config file.  If you intend to run as root, you can set user=root in the config file to avoid this message.
2024-01-03 11:30:10,030 INFO supervisord started with pid 1
2024-01-03 11:30:11,032 INFO spawned: 'dspaceAngular' with pid 8
2024-01-03 11:30:12,422 INFO success: dspaceAngular entered RUNNING state, process has stayed up for > than 1 seconds (startsecs)
2024-01-03 12:32:06,591 WARN received SIGTERM indicating exit request
2024-01-03 12:32:06,591 INFO waiting for dspaceAngular to die
2024-01-03 12:32:06,609 INFO stopped: dspaceAngular (terminated by SIGTERM)
2024-01-03 12:32:06,610 INFO reaped unknown pid 45
2024-01-03 12:32:06,610 INFO reaped unknown pid 9
2024-01-03 12:32:06,610 INFO reaped unknown pid 44
2024-01-03 12:32:07,264 CRIT Supervisor is running as root.  Privileges were not dropped because no user is specified in the config file.  If you intend to run as root, you can set user=root in the config file to avoid this message.
2024-01-03 12:32:07,266 INFO supervisord started with pid 1
2024-01-03 12:32:08,268 INFO spawned: 'dspaceAngular' with pid 8
2024-01-03 12:32:09,449 INFO success: dspaceAngular entered RUNNING state, process has stayed up for > than 1 seconds (startsecs)
2024-01-03 12:46:14,157 WARN received SIGTERM indicating exit request
2024-01-03 12:46:14,157 INFO waiting for dspaceAngular to die
2024-01-03 12:46:14,191 INFO stopped: dspaceAngular (terminated by SIGTERM)
2024-01-03 12:46:14,191 INFO reaped unknown pid 45
2024-01-03 12:46:14,191 INFO reaped unknown pid 9
2024-01-03 12:46:14,191 INFO reaped unknown pid 44
2024-01-03 12:46:14,922 CRIT Supervisor is running as root.  Privileges were not dropped because no user is specified in the config file.  If you intend to run as root, you can set user=root in the config file to avoid this message.
2024-01-03 12:46:14,925 INFO supervisord started with pid 1
2024-01-03 12:46:15,927 INFO spawned: 'dspaceAngular' with pid 8
2024-01-03 12:46:17,094 INFO success: dspaceAngular entered RUNNING state, process has stayed up for > than 1 seconds (startsecs)
2024-01-03 12:58:12,778 WARN received SIGTERM indicating exit request
2024-01-03 12:58:12,778 INFO waiting for dspaceAngular to die
2024-01-03 12:58:12,797 INFO stopped: dspaceAngular (terminated by SIGTERM)
2024-01-03 12:58:12,797 INFO reaped unknown pid 45
2024-01-03 12:58:12,797 INFO reaped unknown pid 9
2024-01-03 12:58:12,797 INFO reaped unknown pid 44
2024-01-03 12:58:13,444 CRIT Supervisor is running as root.  Privileges were not dropped because no user is specified in the config file.  If you intend to run as root, you can set user=root in the config file to avoid this message.
2024-01-03 12:58:13,446 INFO supervisord started with pid 1
2024-01-03 12:58:14,448 INFO spawned: 'dspaceAngular' with pid 8
2024-01-03 12:58:15,627 INFO success: dspaceAngular entered RUNNING state, process has stayed up for > than 1 seconds (startsecs)
